Performing C SOURCE FILE Test CMAKE_HAVE_LIBC_PTHREAD failed with the following output:
Change Dir: /home/thu4n/Downloads/ESP32-CSI-Tool/active_ap/build/CMakeFiles/CMakeTmp

Run Build Command(s):/usr/bin/ninja cmTC_d0d86 && [1/2] Building C object CMakeFiles/cmTC_d0d86.dir/src.c.obj
[2/2] Linking C executable cmTC_d0d86
FAILED: cmTC_d0d86 
: && /home/thu4n/.espressif/tools/xtensa-esp32-elf/esp-12.2.0_20230208/xtensa-esp32-elf/bin/xtensa-esp32-elf-gcc -mlongcalls -Wno-frame-address  CMakeFiles/cmTC_d0d86.dir/src.c.obj -o cmTC_d0d86   && :
/home/thu4n/.espressif/tools/xtensa-esp32-elf/esp-12.2.0_20230208/xtensa-esp32-elf/bin/../lib/gcc/xtensa-esp32-elf/12.2.0/../../../../xtensa-esp32-elf/bin/ld: CMakeFiles/cmTC_d0d86.dir/src.c.obj:(.literal+0x10): warning: pthread_join is not implemented and will always fail
/home/thu4n/.espressif/tools/xtensa-esp32-elf/esp-12.2.0_20230208/xtensa-esp32-elf/bin/../lib/gcc/xtensa-esp32-elf/12.2.0/../../../../xtensa-esp32-elf/bin/ld: CMakeFiles/cmTC_d0d86.dir/src.c.obj:(.literal+0x18): warning: pthread_exit is not implemented and will always fail
/home/thu4n/.espressif/tools/xtensa-esp32-elf/esp-12.2.0_20230208/xtensa-esp32-elf/bin/../lib/gcc/xtensa-esp32-elf/12.2.0/../../../../xtensa-esp32-elf/bin/ld: CMakeFiles/cmTC_d0d86.dir/src.c.obj:(.literal+0x8): warning: pthread_detach is not implemented and will always fail
/home/thu4n/.espressif/tools/xtensa-esp32-elf/esp-12.2.0_20230208/xtensa-esp32-elf/bin/../lib/gcc/xtensa-esp32-elf/12.2.0/../../../../xtensa-esp32-elf/bin/ld: CMakeFiles/cmTC_d0d86.dir/src.c.obj:(.literal+0x4): warning: pthread_create is not implemented and will always fail
/home/thu4n/.espressif/tools/xtensa-esp32-elf/esp-12.2.0_20230208/xtensa-esp32-elf/bin/../lib/gcc/xtensa-esp32-elf/12.2.0/../../../../xtensa-esp32-elf/bin/ld: CMakeFiles/cmTC_d0d86.dir/src.c.obj:(.literal+0xc): warning: pthread_cancel is not implemented and will always fail
/home/thu4n/.espressif/tools/xtensa-esp32-elf/esp-12.2.0_20230208/xtensa-esp32-elf/bin/../lib/gcc/xtensa-esp32-elf/12.2.0/../../../../xtensa-esp32-elf/bin/ld: CMakeFiles/cmTC_d0d86.dir/src.c.obj:(.literal+0x4): undefined reference to `pthread_atfork'
/home/thu4n/.espressif/tools/xtensa-esp32-elf/esp-12.2.0_20230208/xtensa-esp32-elf/bin/../lib/gcc/xtensa-esp32-elf/12.2.0/../../../../xtensa-esp32-elf/bin/ld: CMakeFiles/cmTC_d0d86.dir/src.c.obj: in function `main':
src.c:(.text+0x3f): undefined reference to `pthread_atfork'
collect2: error: ld returned 1 exit status
ninja: build stopped: subcommand failed.


Source file was:
#include <pthread.h>

static void* test_func(void* data)
{
  return data;
}

int main(void)
{
  pthread_t thread;
  pthread_create(&thread, NULL, test_func, NULL);
  pthread_detach(thread);
  pthread_cancel(thread);
  pthread_join(thread, NULL);
  pthread_atfork(NULL, NULL, NULL);
  pthread_exit(NULL);

  return 0;
}

Determining if compiler accepts -pthread failed with the following output:
Change Dir: /home/thu4n/Downloads/ESP32-CSI-Tool/active_ap/build/CMakeFiles/CMakeTmp

Run Build Command(s):/usr/bin/ninja cmTC_22f50 && [1/2] Building C object CMakeFiles/cmTC_22f50.dir/CheckForPthreads.c.obj
[2/2] Linking C executable cmTC_22f50
FAILED: cmTC_22f50 
: && /home/thu4n/.espressif/tools/xtensa-esp32-elf/esp-12.2.0_20230208/xtensa-esp32-elf/bin/xtensa-esp32-elf-gcc -mlongcalls -Wno-frame-address  CMakeFiles/cmTC_22f50.dir/CheckForPthreads.c.obj -o cmTC_22f50  -pthread && :
xtensa-esp32-elf-gcc: error: unrecognized command-line option '-pthread'
ninja: build stopped: subcommand failed.



Determining if the function pthread_create exists in the pthreads failed with the following output:
Change Dir: /home/thu4n/Downloads/ESP32-CSI-Tool/active_ap/build/CMakeFiles/CMakeTmp

Run Build Command(s):/usr/bin/ninja cmTC_a29fa && [1/2] Building C object CMakeFiles/cmTC_a29fa.dir/CheckFunctionExists.c.obj
[2/2] Linking C executable cmTC_a29fa
FAILED: cmTC_a29fa 
: && /home/thu4n/.espressif/tools/xtensa-esp32-elf/esp-12.2.0_20230208/xtensa-esp32-elf/bin/xtensa-esp32-elf-gcc -mlongcalls -Wno-frame-address  -DCHECK_FUNCTION_EXISTS=pthread_create  CMakeFiles/cmTC_a29fa.dir/CheckFunctionExists.c.obj -o cmTC_a29fa  -lpthreads && :
/home/thu4n/.espressif/tools/xtensa-esp32-elf/esp-12.2.0_20230208/xtensa-esp32-elf/bin/../lib/gcc/xtensa-esp32-elf/12.2.0/../../../../xtensa-esp32-elf/bin/ld: cannot find -lpthreads: No such file or directory
/home/thu4n/.espressif/tools/xtensa-esp32-elf/esp-12.2.0_20230208/xtensa-esp32-elf/bin/../lib/gcc/xtensa-esp32-elf/12.2.0/../../../../xtensa-esp32-elf/bin/ld: CMakeFiles/cmTC_a29fa.dir/CheckFunctionExists.c.obj:(.literal+0x0): warning: pthread_create is not implemented and will always fail
collect2: error: ld returned 1 exit status
ninja: build stopped: subcommand failed.



Determining if the function pthread_create exists in the pthread failed with the following output:
Change Dir: /home/thu4n/Downloads/ESP32-CSI-Tool/active_ap/build/CMakeFiles/CMakeTmp

Run Build Command(s):/usr/bin/ninja cmTC_1102d && [1/2] Building C object CMakeFiles/cmTC_1102d.dir/CheckFunctionExists.c.obj
[2/2] Linking C executable cmTC_1102d
FAILED: cmTC_1102d 
: && /home/thu4n/.espressif/tools/xtensa-esp32-elf/esp-12.2.0_20230208/xtensa-esp32-elf/bin/xtensa-esp32-elf-gcc -mlongcalls -Wno-frame-address  -DCHECK_FUNCTION_EXISTS=pthread_create  CMakeFiles/cmTC_1102d.dir/CheckFunctionExists.c.obj -o cmTC_1102d  -lpthread && :
/home/thu4n/.espressif/tools/xtensa-esp32-elf/esp-12.2.0_20230208/xtensa-esp32-elf/bin/../lib/gcc/xtensa-esp32-elf/12.2.0/../../../../xtensa-esp32-elf/bin/ld: cannot find -lpthread: No such file or directory
/home/thu4n/.espressif/tools/xtensa-esp32-elf/esp-12.2.0_20230208/xtensa-esp32-elf/bin/../lib/gcc/xtensa-esp32-elf/12.2.0/../../../../xtensa-esp32-elf/bin/ld: CMakeFiles/cmTC_1102d.dir/CheckFunctionExists.c.obj:(.literal+0x0): warning: pthread_create is not implemented and will always fail
collect2: error: ld returned 1 exit status
ninja: build stopped: subcommand failed.



